do run
loading script "felix_analysis400_120_no_save_center.py"
loading script "felix_pump_ms.py"
loading script "felix_diode.py"
loading script "felix_pump_extraction_line.py"
testing...
no interpolation path defined
executed snippet estimated_duration=559.2304, duration=0.000256061553955
script duration name:analysis400_120_no_save_center seconds:559.0
loading script "felix_analysis400_120_no_save_center.py"
loading script "felix_pump_ms.py"
loading script "felix_diode.py"
loading script "felix_pump_extraction_line.py"
testing...
no interpolation path defined
executed snippet estimated_duration=0, duration=2.69412994385e-05
loading script "felix_analysis400_120_no_save_center.py"
loading script "felix_pump_ms.py"
loading script "felix_diode.py"
loading script "felix_pump_extraction_line.py"
testing...
no interpolation path defined
calculate duration
testing...
no interpolation path defined
executed snippet estimated_duration=0, duration=9.08374786377e-05
calculate duration
testing...
no interpolation path defined
executed snippet estimated_duration=0, duration=2.78949737549e-05
calculate duration
testing...
no interpolation path defined
executed snippet estimated_duration=42.0, duration=0.000113964080811
executed snippet estimated_duration=42.0, duration=0.0035240650177
script duration name:diode seconds:42.0
loading script "felix_analysis400_120_no_save_center.py"
loading script "felix_pump_ms.py"
loading script "felix_diode.py"
loading script "felix_pump_extraction_line.py"
testing...
no interpolation path defined
calculate duration
testing...
no interpolation path defined
executed snippet estimated_duration=4.0, duration=0.000196933746338
executed snippet estimated_duration=4.0, duration=0.00132179260254
Script duration 601.0
Run total estimated duration= 602.000
run duration: 0:10:02
doing event level: 2
16:52:19 -- Setting default integration. t=1.048576
setting integration time = 1.048576
SetIntegrationTime 1.048576 ===>> OK
----------------- start -----------------
**************** Experiment Type: Ar/Ar, Ar/Ar
create new session 4748306672
close session 4748306672
$$$$$ Clearing conditionals
adding conditionals 
Add queue conditionals
add default conditionals
adding default conditionals from /Users/obama/PychronDev/setupfiles/spectrometer/default_conditionals.yaml
Start automated run 65773-01M
loading script "felix_analysis400_120_no_save_center.py"
loading script "felix_pump_ms.py"
loading script "felix_diode.py"
loading script "felix_pump_extraction_line.py"
%%%%%%%%%%%%%%%%%% setting automated run 65773-01M
No value "sensitivity_multiplier" in metadata
$$$$$$$$$$$$$$$ auto_save_detector_ic=False
============================= Pre Extraction Check =============================
loading queue conditionals pre_run_terminations
loading system conditionals pre_run_terminations
loading conditionals from /Users/obama/PychronDev/setupfiles/spectrometer/default_conditionals.yaml
16:52:20 -- ******* Pre Extraction Check *******
Get a measurement from the spectrometer
Pre Extraction Termination data. keys=L2(CDD),H2,H1,AX,L1,L2, signals=0.00353,-0.15388,-0.10820,-0.23471,-0.85834,0.03445
16:52:20 -- testing system defined conditionals
Checking default pre extraction terminations n=2
testing L2_CDD_
evaluate ot="L2(CDD).inactive" t="L2_CDD_", ctx="{'L2_CDD_': False}"
GetDeflection L2 (CDD) ===>> 0
testing L2_CDD_==3250
evaluate ot="L2(CDD).deflection==3250" t="L2_CDD_==3250", ctx="{'L2_CDD_': 0.0}"
16:52:20 -- ******* Pre Extraction Check Passed *******
=================================================================================
16:52:20 -- stopping status monitor
stop 4711082224
Status monitor stopped
Status monitor finished
16:52:24 -- starting status monitor
start 4711082224
StatusMonitor period=3. Frequencies(state=1, checksum=3, lock=5, owner=5)
start extraction
do extraction
Analysis started at 16:52:29.041924
Extraction Started felix_diode.py
16:52:29 -- ******* Extraction Started felix_diode.py *******
state changed from not run to extraction
DO EXTRACTION <pychron.extraction_line.pyscript_runner.RemotePyScriptRunner object at 0x11df3aa10>
testing...
no interpolation path defined
calculate duration
testing...
no interpolation path defined
executed snippet estimated_duration=0, duration=0.000127077102661
calculate duration
testing...
no interpolation path defined
executed snippet estimated_duration=0, duration=2.38418579102e-05
calculate duration
testing...
no interpolation path defined
executed snippet estimated_duration=42.0, duration=0.000105142593384
executed snippet estimated_duration=204.0, duration=0.00461602210999
Felix unknown laser analysis
set_motor ('beam', '3.0') {}
setting motor "beam" to 3.0
set motor beam to 3.0
SetMotor beam,3.0 ===>> OK
GetMotorMoving beam ===>> False
GetMotorMoving beam ===>> False
Block completed
doing GOSUB
testing...
no interpolation path defined
executed snippet estimated_duration=0, duration=0.0001380443573
Prepare for Diode Analysis
close () {'description': 'Felix Inlet'}
close name=--- desc=Felix Inlet
checking ownership. requestor=129.138.12.137
check software interlocks H
interlocks []
actuate state mode=None-script, software_lock=False
doing actuation None-script close_channel False
Close H ===>> OK
GetIndicatorState H ===>> False
change switch state (True, True)
update switch state H False args=() kw={} ncanvase=2
16:52:30 -- CLOSE  VALVE-H (Felix Inlet)
-------------------------- close None (Felix Inlet) result=[(True, True)]
action=close, ok=True, locked=[False]
open () {'description': 'Felix Ion Pump'}
open name=--- desc=Felix Ion Pump
checking ownership. requestor=129.138.12.137
check software interlocks V
interlocks []
actuate state mode=None-script, software_lock=False
doing actuation None-script open_channel False
Open V ===>> OK
GetIndicatorState V ===>> OK
change switch state (True, True)
update switch state V True args=() kw={} ncanvase=2
16:52:30 -- OPEN   VALVE-V (Felix Ion Pump)
-------------------------- open None (Felix Ion Pump) result=[(True, True)]
action=open, ok=True, locked=[False]
close () {'description': 'Bone to Minibone'}
close name=--- desc=Bone to Minibone
checking ownership. requestor=129.138.12.137
check software interlocks E
interlocks []
actuate state mode=None-script, software_lock=False
doing actuation None-script close_channel False
Close E ===>> OK
GetIndicatorState E ===>> False
change switch state (True, True)
update switch state E False args=() kw={} ncanvase=2
16:52:31 -- CLOSE  VALVE-E (Bone to Minibone)
-------------------------- close None (Bone to Minibone) result=[(True, True)]
action=close, ok=True, locked=[False]
open () {'description': 'Bone to Getter GP-50'}
open name=--- desc=Bone to Getter GP-50
checking ownership. requestor=129.138.12.137
check software interlocks N
interlocks []
actuate state mode=None-script, software_lock=False
doing actuation None-script open_channel False
Open N ===>> OK
GetIndicatorState N ===>> OK
change switch state (True, True)
update switch state N True args=() kw={} ncanvase=2
16:52:31 -- OPEN   VALVE-N (Bone to Getter GP-50)
-------------------------- open None (Bone to Getter GP-50) result=[(True, True)]
action=open, ok=True, locked=[False]
close () {'description': 'Bone to CO2 Laser'}
close name=--- desc=Bone to CO2 Laser
checking ownership. requestor=129.138.12.137
check software interlocks D
interlocks []
actuate state mode=None-script, software_lock=False
doing actuation None-script close_channel True
Close D ===>> OK
GetIndicatorState D ===>> False
change switch state (True, True)
update switch state D False args=() kw={} ncanvase=2
16:52:32 -- CLOSE  VALVE-D (Bone to CO2 Laser)
-------------------------- close None (Bone to CO2 Laser) result=[(True, True)]
action=close, ok=True, locked=[False]
open () {'description': 'Bone to Diode Laser'}
open name=--- desc=Bone to Diode Laser
checking ownership. requestor=129.138.12.137
check software interlocks B
interlocks []
actuate state mode=None-script, software_lock=False
doing actuation None-script open_channel False
Open B ===>> OK
GetIndicatorState B ===>> OK
change switch state (True, True)
update switch state B True args=() kw={} ncanvase=2
16:52:32 -- OPEN   VALVE-B (Bone to Diode Laser)
-------------------------- open None (Bone to Diode Laser) result=[(True, True)]
action=open, ok=True, locked=[False]
executed snippet estimated_duration=0, duration=2.62181591988
PrepareForDiodeAnalysis.py completed successfully
gosub finished
doing GOSUB
testing...
no interpolation path defined
executed snippet estimated_duration=0, duration=4.19616699219e-05
Isolate coldfinger
close () {'name': 'B', 'description': 'Bone to Diode Laser'}
close name=B desc=Bone to Diode Laser
checking ownership. requestor=129.138.12.137
check software interlocks B
interlocks []
actuate state mode=None-script, software_lock=False
doing actuation None-script close_channel True
Close B ===>> OK
GetIndicatorState B ===>> False
change switch state (True, True)
update switch state B False args=() kw={} ncanvase=2
16:52:32 -- CLOSE  VALVE-B (Bone to Diode Laser)
-------------------------- close B (Bone to Diode Laser) result=[(True, True)]
action=close, ok=True, locked=[False]
executed snippet estimated_duration=0, duration=0.472940921783
IsolateDiodeColdfinger.py completed successfully
gosub finished
open () {'description': 'Bone to Turbo'}
open name=--- desc=Bone to Turbo
checking ownership. requestor=129.138.12.137
check software interlocks C
interlocks []
actuate state mode=None-script, software_lock=False
doing actuation None-script open_channel False
Open C ===>> OK
GetIndicatorState C ===>> OK
change switch state (True, True)
update switch state C True args=() kw={} ncanvase=2
16:52:33 -- OPEN   VALVE-C (Bone to Turbo)
-------------------------- open None (Bone to Turbo) result=[(True, True)]
action=open, ok=True, locked=[False]
Diodelaser enabled. Heating sample.
enable () {}
set extraction state FusionsDiode Enabled (False, 'red', 1.5)
enabling laser
Enable ===>> OK
move_to_position ('13',) {}
FusionsDiode move to position 13
sending GoToHole 13,True
GoToHole 13,True ===>> OK
GetDriveMoving ===>> False
GetDriveMoving ===>> False
Block completed
GetAutoCorrecting ===>> False
GetAutoCorrecting ===>> False
Block completed
update position
GetPosition ===>> 4.80060,4.80060,4.00000
got position (4.8006, 4.8006, 4.0)
move to position succeeded
BEGIN INTERVAL Interval 1 waiting for 40.0
block started
set extract to 15.0 (watts)
WaitControl setup for 40.0  
extract () {}
GetPosition ===>> 4.80060,4.80060,4.00000
set extraction state FusionsDiode ON! 15.0(watts) (0.75, 'red', 1.5)
extract sample to 15.0 (watts)
set laser output
SetLaserOutput 15.0,watts ===>> OK
sleep (2,) {}
SLEEP 2.0
block started
WaitControl setup for 2.0  
Join finished
block finished. duration 2.02149105072
executing pattern 37hole_diamond.lp
execute_pattern ('37hole_diamond.lp',) {}
executing pattern 37hole_diamond.lp
IsPatterning ===>> OK
IsPatterning ===>> OK
IsPatterning ===>> OK
IsPatterning ===>> OK
IsPatterning ===>> OK
IsPatterning ===>> OK
IsPatterning ===>> OK
IsPatterning ===>> OK
IsPatterning ===>> OK
IsPatterning ===>> OK
IsPatterning ===>> OK
IsPatterning ===>> OK
IsPatterning ===>> OK
IsPatterning ===>> OK
IsPatterning ===>> OK
IsPatterning ===>> OK
IsPatterning ===>> OK
IsPatterning ===>> OK
IsPatterning ===>> OK
IsPatterning ===>> OK
IsPatterning ===>> OK
IsPatterning ===>> OK
IsPatterning ===>> OK
IsPatterning ===>> OK
IsPatterning ===>> OK
IsPatterning ===>> OK
IsPatterning ===>> OK
IsPatterning ===>> OK
IsPatterning ===>> OK
IsPatterning ===>> OK
IsPatterning ===>> OK
IsPatterning ===>> False
IsPatterning ===>> False
Block completed
COMPLETE INTERVAL waiting for Interval 1 to complete
Join finished
block finished. duration 40.1796810627
Interval 1 finished
Diode laser disabled.
disable () {}
%%%%%%%%%%%%%%%%%%%%%%%%%%%%%%%%%%% disable
set extraction state False (0.75, 'red', 1.5)
disabling laser
Disable ===>> OK
doing GOSUB
testing...
no interpolation path defined
executed snippet estimated_duration=42.0, duration=0.00015115737915
Equilibrate then isolate coldfinger
close () {'name': 'C', 'description': 'Bone to Turbo'}
close name=C desc=Bone to Turbo
checking ownership. requestor=129.138.12.137
check software interlocks C
interlocks []
actuate state mode=None-script, software_lock=False
doing actuation None-script close_channel True
Close C ===>> OK
GetIndicatorState C ===>> False
change switch state (True, True)
update switch state C False args=() kw={} ncanvase=2
16:53:17 -- CLOSE  VALVE-C (Bone to Turbo)
-------------------------- close C (Bone to Turbo) result=[(True, True)]
action=close, ok=True, locked=[False]
sleep (1,) {}
SLEEP 1.0
open () {'name': 'B', 'description': 'Bone to Diode Laser'}
open name=B desc=Bone to Diode Laser
checking ownership. requestor=129.138.12.137
check software interlocks B
interlocks []
actuate state mode=None-script, software_lock=False
doing actuation None-script open_channel True
Open B ===>> OK
GetIndicatorState B ===>> OK
change switch state (True, True)
update switch state B True args=() kw={} ncanvase=2
16:53:18 -- OPEN   VALVE-B (Bone to Diode Laser)
-------------------------- open B (Bone to Diode Laser) result=[(True, True)]
action=open, ok=True, locked=[False]
sleep (20,) {}
SLEEP 20.0
block started
WaitControl setup for 20.0  
Join finished
block finished. duration 20.0436990261
close () {'name': 'B', 'description': 'Bone to Diode Laser'}
close name=B desc=Bone to Diode Laser
checking ownership. requestor=129.138.12.137
check software interlocks B
interlocks []
actuate state mode=None-script, software_lock=False
doing actuation None-script close_channel True
Close B ===>> OK
GetIndicatorState B ===>> False
change switch state (True, True)
update switch state B False args=() kw={} ncanvase=2
16:53:38 -- CLOSE  VALVE-B (Bone to Diode Laser)
-------------------------- close B (Bone to Diode Laser) result=[(True, True)]
action=close, ok=True, locked=[False]
executed snippet estimated_duration=63.0, duration=22.3251540661
EquilibrateThenIsolateDiodeColdfinger.py completed successfully
gosub finished
sleep (60.0,) {}
SLEEP 60.0
block started
WaitControl setup for 60.0  
set states for children of O. state=True
handle state [('O', True)]
update switch state O True args=() kw={'refresh': False} ncanvase=2
refresh_canvas_needed fired
Join finished
block finished. duration 60.1944279671
executed snippet estimated_duration=310.5, duration=130.340764046
felix_diode.py completed successfully
GetAchievedOutput ===>> No Response
Requested Output= 0.000
Achieved Output=  0.000
GetResponseBlob ===>> [178][[179]N[00][00][00][00]@[249][205]=[00][00][250]Db[160][06]@[00][00][250]DmW[131]@[00][00][2...
GetOutputBlob ===>> [178][[179]N[00][00][00][00]@[249][205]=[169][176][229]Ab[160][06]@[00][00][00][00]mW[131]@[00][0...
persistence save...
persistence save - db
AutomatedRunPersister post_extraction_save deprecated
persistence save - dvc
no extraction position for 13
not connected to db mysql://felixexp@129.138.12.160/labspy
Enviromentals: {'lab_humiditys': [{'device': 'EnvironmentalMonitor',
                    'name': 'Lab Hum.',
                    'pub_date': '2017-09-04T16:21:31',
                    'title': 'iServer Hum.',
                    'value': 35.3}],
 'lab_pneumatics': [{'device': 'AirPressure',
                     'name': 'Pressure',
                     'pub_date': '2017-09-04T16:53:29',
                     'title': None,
                     'value': 82.125},
                    {'device': 'AirPressure2',
                     'name': 'Pressure2',
                     'pub_date': '2017-09-04T16:53:31',
                     'title': None,
                     'value': 82.53154}],
 'lab_temperatures': [{'device': 'Coldfinger',
                       'name': 'ColdFinger Temp.',
                       'pub_date': '2017-09-04T14:23:01',
                       'title': None,
                       'value': -194.0},
                      {'device': 'EnvironmentalMonitor',
                       'name': 'Lab Temp.',
                       'pub_date': '2017-09-04T14:59:38',
                       'title': 'iServer Temp.',
                       'value': 75.2},
                      {'device': 'Chiller',
                       'name': 'Coolant Temp.',
                       'pub_date': '2017-09-04T16:41:43',
                       'title': None,
                       'value': 18.0}]}
Extraction Finished
16:54:42 -- ******* Extraction Finished *******
no overlap. not waiting for min ms pumptime
16:54:42 -- Sending spectrometer configuration
======== Sending configuration ========
SetZFocus 1.65 ===>> OK
SetHV 9900.0 ===>> OK
SetZSymmetry 3.35 ===>> OK
SetExtractionLens 63.57 ===>> OK
SetIonRepeller -5.15 ===>> OK
SetElectronEnergy 125.02 ===>> OK
SetYSymmetry 38.07 ===>> OK
send trap current 250.0
GetParameter Trap Current Readback ===>> 248.494964292254
SetParameter Trap Current Set,250.0 ===>> OK
updating mftable name argon
Using mftable located at /Users/obama/PychronDev/setupfiles/spectrometer/mftables/argon.csv
============ MFtable ===========
Isotope  H2     H1     AX     L1     L2     L2(CDD)
Ar40     3.7667 3.8419 3.9200 4.0015 4.1092 4.0947
Ar39     3.6923 3.7668 3.8431 3.9260 4.0285 4.0137
Ar36     3.4660 3.4184 3.6076 3.6834 3.7921 3.7666
================================
get initial guess parabolic
get initial guess parabolic
get initial guess parabolic
get initial guess parabolic
get initial guess parabolic
get initial guess parabolic
======== Configuration Finished ========
GetYSymmetry ===>> 38.07
GetZSymmetry ===>> 3.35
GetParameter Trap Current Readback ===>> 248.047427211133
GetHighVoltage ===>> 9900
start measurement
do measurement
L#=65773 analysis type=unknown
Measurement Started felix_analysis400_120_no_save_center.py
16:54:42 -- ******* Measurement Started felix_analysis400_120_no_save_center.py *******
state changed from extraction to measurement
setting trap, emission, spec, defl, and gains
GetExtractionLens ===>> 63.57
GetYSymmetry ===>> 38.07
GetZSymmetry ===>> 3.35
GetZFocus ===>> 1.65
GetDeflection H2 (CDD) ===>> 3250
GetDeflection H1 (CDD) ===>> 3250
GetDeflection AX (CDD) ===>> 3250
GetDeflection L1 (CDD) ===>> 3250
GetDeflection L2 (CDD) ===>> 0
GetGain H2 ===>> 0.9809305
GetGain H1 ===>> 0.9706
GetGain AX ===>> 0.96269
GetGain L1 ===>> 0.970094835296087
GetGain L2 ===>> 0.967359864778375
GetGain H2(CDD) ===>> 0
GetGain H1(CDD) ===>> 0
GetGain AX(CDD) ===>> 0
GetGain L1(CDD) ===>> 0
GetGain L2(CDD) ===>> 0
GetParameter Trap Current Readback ===>> 247.488005859733
GetParameter Source Current Readback ===>> 885.493926631264
pre measurement save
New frame /Users/obama/PychronDev/data/isotopes/2c/6a07cf-5f7e-471c-8af2-8cb6efa8dc3c.h5
flush and close file /Users/obama/PychronDev/data/isotopes/2c/6a07cf-5f7e-471c-8af2-8cb6efa8dc3c.h5
testing...
no interpolation path defined
executed snippet estimated_duration=585.2304, duration=0.000247955322266
unknown measurement script
activate_detectors ('H2', 'H1', 'AX', 'L1', 'L2(CDD)') {}
activate detectors
*************** Set Analysis View Ar/Ar
create graphs
clearing graphs
clear isotope group
setting isotope det=H2, iso=Ar40
setting isotope det=H1, iso=Ar39
setting isotope det=AX, iso=Ar38
setting isotope det=L1, iso=Ar37
setting isotope det=L2(CDD), iso=Ar36
setting previous blanks
 - setting Ar40 blank 0.148+/-0.019
 - setting Ar36 blank 0.00317+/-0.00017
 - setting Ar37 blank -0.032+/-0.012
 - setting Ar38 blank 0.031+/-0.013
 - setting Ar39 blank -0.005+/-0.025
load analysis view
position_magnet ('Ar40',) {'detector': 'H2'}
detector Detector(H2)
POSITION Ar40 H2
setting detector H2 to Ar40 (39.9624)
setting detector H1 to Ar39 (38.8624)
setting detector AX to Ar38 (37.9624)
setting detector L1 to Ar37 (36.9624)
setting detector L2 to Ar36 (35.8624)
setting detector H2(CDD) to Ar40 (39.8624)
setting detector H1(CDD) to Ar39 (38.8624)
setting detector AX(CDD) to Ar38 (37.8624)
setting detector L1(CDD) to Ar37 (36.8624)
setting detector L2(CDD) to Ar36 (35.9624)
Mapping mass to dac mass func: "parabolic"
H2 map mass coeffs = [ -2.56720193e-04   9.47812314e-02   3.89034975e-01]
H2 map mass to dac 39.9624 >> 3.76674
GetHighVoltage ===>> 9900
positioning Ar40 (3.76674) on H2
setting magnet DAC
current  : 3.768740
requested: 3.766740
Delta Dac: 0.002000
Checking detector protection. dv=0.00200
SetMagnetDAC 3.76674 ===>> OK
Magnet settling time: 0.500 0.500
Magnet settling complete
set_dac. change=True
equilibrate () {'delay': 3, 'inlet': 'H', 'outlet': 'V', 'eqtime': 25.0}
Equilibration Started
16:54:43 -- ******* Equilibration Started *******
checking ownership. requestor=129.138.12.137
check software interlocks V
interlocks []
actuate state mode=None-script, software_lock=False
doing actuation None-script close_channel True
Close V ===>> OK
GetIndicatorState V ===>> False
change switch state (True, True)
update switch state V False args=() kw={} ncanvase=2
16:54:44 -- CLOSE  VALVE-V (Felix Ion Pump)
waiting 3s before opening inlet value ('H',)
update labels <pychron.experiment.plot_panel.PlotPanel object at 0x11f294d70>
update labels "<pychron.graph.stacked_regression_graph.StackedRegressionGraph object at 0x12c08c830>"
setting label 0 H2 Ar40
setting label 1 H1 Ar39
setting label 2 AX Ar38
setting label 3 L1 Ar37
setting label 4 L2(CDD) Ar36
update labels "<pychron.graph.stacked_graph.StackedGraph object at 0x12c08c470>"
setting label 0 H2 Ar40
setting label 1 H1 Ar39
setting label 2 AX Ar38
setting label 3 L1 Ar37
setting label 4 L2(CDD) Ar36
checking ownership. requestor=129.138.12.137
check software interlocks H
interlocks []
actuate state mode=None-script, software_lock=False
doing actuation None-script open_channel True
Open H ===>> OK
GetIndicatorState H ===>> OK
change switch state (True, True)
update switch state H True args=() kw={} ncanvase=2
16:54:47 -- OPEN   VALVE-H (Felix Inlet)
set_time_zero () {}
equilibrating for 25.0sec
sniff (25.0,) {}
py_sniff
build tables- sniff [Detector(H2), Detector(H1), Detector(AX), Detector(L1), Detector(L2(CDD))]
add group /sniff/Ar40 (Group) u'' table H2
add group /sniff/Ar39 (Group) u'' table H1
add group /sniff/Ar38 (Group) u'' table AX
add group /sniff/Ar37 (Group) u'' table L1
add group /sniff/Ar36 (Group) u'' table L2(CDD)
flush and close file /Users/obama/PychronDev/data/isotopes/2c/6a07cf-5f7e-471c-8af2-8cb6efa8dc3c.h5
measuring sniff. ncounts=25.0
"sniff" increment series count="1" fit count="0" regressing="False"
starting measurement
Equilibration Finished
16:55:12 -- ******* Equilibration Finished *******
checking ownership. requestor=129.138.12.137
check software interlocks H
interlocks []
actuate state mode=None-script, software_lock=False
doing actuation None-script close_channel True
Close H ===>> OK
GetIndicatorState H ===>> False
change switch state (True, True)
update switch state H False args=() kw={} ncanvase=2
16:55:13 -- collecting point 25
16:55:13 -- CLOSE  VALVE-H (Felix Inlet)
Post Equilibration Started felix_pump_extraction_line.py
16:55:13 -- ******* Post Equilibration Started felix_pump_extraction_line.py *******
testing...
no interpolation path defined
calculate duration
testing...
no interpolation path defined
executed snippet estimated_duration=4.0, duration=0.000289916992188
executed snippet estimated_duration=4.0, duration=0.00520992279053
Pump after analysis
doing GOSUB
testing...
no interpolation path defined
executed snippet estimated_duration=4.0, duration=0.000283002853394
Pump Bone
close () {'description': 'Felix Inlet'}
close name=--- desc=Felix Inlet
checking ownership. requestor=129.138.12.137
check software interlocks H
interlocks []
actuate state mode=None-script, software_lock=False
doing actuation None-script close_channel False
Close H ===>> OK
GetIndicatorState H ===>> False
change switch state (True, True)
update switch state H False args=() kw={} ncanvase=2
16:55:13 -- CLOSE  VALVE-H (Felix Inlet)
-------------------------- close None (Felix Inlet) result=[(True, True)]
action=close, ok=True, locked=[False]
is_closed ('A',) {}
is A () closed?
is closed False
close () {'description': 'CO2 Laser to Bone'}
close name=--- desc=CO2 Laser to Bone
checking ownership. requestor=129.138.12.137
check software interlocks F
interlocks []
actuate state mode=None-script, software_lock=True
VALVE-F(CO2 Laser to Bone) software locked
change switch state (True, False)
-------------------------- close None (CO2 Laser to Bone) result=[(True, False)]
action=close, ok=True, locked=[True]
sleep (1,) {}
SLEEP 1.0
waiting for write to finish
measurement finished
estimated time: 26.214 actual time: :26.336
flush and close file /Users/obama/PychronDev/data/isotopes/2c/6a07cf-5f7e-471c-8af2-8cb6efa8dc3c.h5
set_fits () {}
using default fits file=/Users/obama/PychronDev/scripts/measurement/fits/nominal.yaml
set "Ar40" to "('Parabolic', 'SEM')"
set "Ar36" to "('Parabolic', 'SEM')"
set "Ar37" to "('linear', 'SEM')"
set "Ar38" to "('linear', 'SEM')"
set "Ar39" to "('Parabolic', 'SEM')"
set_baseline_fits () {}
using default fits file=/Users/obama/PychronDev/scripts/measurement/fits/nominal.yaml
set "H2" to "('average', 'SEM')"
set "L2(CDD)" to "('average', 'SEM')"
set "L1" to "('average', 'SEM')"
set "AX" to "('average', 'SEM')"
set "H1" to "('average', 'SEM')"
multicollect () {'integration_time': 1.048576, 'ncounts': 400}
build tables- signal [Detector(H2), Detector(H1), Detector(AX), Detector(L1), Detector(L2(CDD))]
add group /signal/Ar40 (Group) u'' table H2
add group /signal/Ar39 (Group) u'' table H1
add group /signal/Ar38 (Group) u'' table AX
add group /signal/Ar37 (Group) u'' table L1
add group /signal/Ar36 (Group) u'' table L2(CDD)
flush and close file /Users/obama/PychronDev/data/isotopes/2c/6a07cf-5f7e-471c-8af2-8cb6efa8dc3c.h5
measuring signal. ncounts=400
"signal" increment series count="2" fit count="1" regressing="True"
close () {'description': 'CO2 Laser to Roughing'}
close name=--- desc=CO2 Laser to Roughing
checking ownership. requestor=129.138.12.137
check software interlocks G
interlocks []
actuate state mode=None-script, software_lock=True
VALVE-G(CO2 Laser to Roughing) software locked
change switch state (True, False)
-------------------------- close None (CO2 Laser to Roughing) result=[(True, False)]
action=close, ok=True, locked=[True]
open () {'description': 'Bone to Turbo'}
open name=--- desc=Bone to Turbo
checking ownership. requestor=129.138.12.137
check software interlocks C
interlocks []
actuate state mode=None-script, software_lock=False
doing actuation None-script open_channel True
Open C ===>> OK
GetIndicatorState C ===>> OK
change switch state (True, True)
update switch state C True args=() kw={} ncanvase=2
16:55:14 -- OPEN   VALVE-C (Bone to Turbo)
-------------------------- open None (Bone to Turbo) result=[(True, True)]
starting measurement
action=open, ok=True, locked=[False]
open () {'description': 'Bone to Getter GP-50'}
open name=--- desc=Bone to Getter GP-50
checking ownership. requestor=129.138.12.137
check software interlocks N
interlocks []
actuate state mode=None-script, software_lock=False
doing actuation None-script open_channel False
Open N ===>> OK
GetIndicatorState N ===>> ERROR: Connection refused: TCP://129.138.12.153:1061, timeout=None
change switch state (False, False)
-------------------------- open None (Bone to Getter GP-50) result=[(False, False)]
action=open, ok=False, locked=[False]
Failed to open valve Name="", Description="Bone to Getter GP-50"
Retry actuation. i=1 Action="open", Name="", Description="Bone to Getter GP-50"
checking ownership. requestor=129.138.12.137
check software interlocks N
interlocks []
actuate state mode=None-script, software_lock=False
doing actuation None-script open_channel False
GetDeflection L2 (CDD) ===>> 0
testing L2_CDD_==3250
evaluate ot="L2(CDD).deflection==3250" t="L2_CDD_==3250", ctx="{'L2_CDD_': 0.0}"
GetDeflection L2 (CDD) ===>> 0
testing L2_CDD_==3250
evaluate ot="L2(CDD).deflection==3250" t="L2_CDD_==3250", ctx="{'L2_CDD_': 0.0}"
16:55:40 -- collecting point 25
Open N ===>> ERROR: Connection refused: TCP://129.138.12.153:1061, timeout=None
change switch state (None, False)
action=open, ok=None, locked=[False]
Failed to open valve Name="", Description="Bone to Getter GP-50"
Retry actuation. i=2 Action="open", Name="", Description="Bone to Getter GP-50"
checking ownership. requestor=129.138.12.137
check software interlocks N
interlocks []
actuate state mode=None-script, software_lock=False
doing actuation None-script open_channel False
GetDeflection L2 (CDD) ===>> 0
testing L2_CDD_==3250
evaluate ot="L2(CDD).deflection==3250" t="L2_CDD_==3250", ctx="{'L2_CDD_': 0.0}"
Open N ===>> ERROR: Connection refused: TCP://129.138.12.153:1061, timeout=None
change switch state (None, False)
action=open, ok=None, locked=[False]
Failed to open valve Name="", Description="Bone to Getter GP-50"
Retry actuation. i=3 Action="open", Name="", Description="Bone to Getter GP-50"
checking ownership. requestor=129.138.12.137
check software interlocks N
interlocks []
actuate state mode=None-script, software_lock=False
doing actuation None-script open_channel False
GetDeflection L2 (CDD) ===>> 0
testing L2_CDD_==3250
evaluate ot="L2(CDD).deflection==3250" t="L2_CDD_==3250", ctx="{'L2_CDD_': 0.0}"
16:56:06 -- collecting point 50
GetDeflection L2 (CDD) ===>> 0
testing L2_CDD_==3250
evaluate ot="L2(CDD).deflection==3250" t="L2_CDD_==3250", ctx="{'L2_CDD_': 0.0}"
Open N ===>> ERROR: Connection refused: TCP://129.138.12.153:1061, timeout=None
change switch state (None, False)
action=open, ok=None, locked=[False]
Failed to open valve Name="", Description="Bone to Getter GP-50"
Retry actuation. i=4 Action="open", Name="", Description="Bone to Getter GP-50"
checking ownership. requestor=129.138.12.137
check software interlocks N
interlocks []
actuate state mode=None-script, software_lock=False
doing actuation None-script open_channel False
GetDeflection L2 (CDD) ===>> 0
testing L2_CDD_==3250
evaluate ot="L2(CDD).deflection==3250" t="L2_CDD_==3250", ctx="{'L2_CDD_': 0.0}"
GetDeflection L2 (CDD) ===>> 0
testing L2_CDD_==3250
evaluate ot="L2(CDD).deflection==3250" t="L2_CDD_==3250", ctx="{'L2_CDD_': 0.0}"
16:56:32 -- collecting point 75
Open N ===>> ERROR: Connection refused: TCP://129.138.12.153:1061, timeout=None
change switch state (None, False)
action=open, ok=None, locked=[False]
Failed to open valve Name="", Description="Bone to Getter GP-50"
Retry actuation. i=5 Action="open", Name="", Description="Bone to Getter GP-50"
checking ownership. requestor=129.138.12.137
check software interlocks N
interlocks []
actuate state mode=None-script, software_lock=False
doing actuation None-script open_channel False
GetDeflection L2 (CDD) ===>> 0
testing L2_CDD_==3250
evaluate ot="L2(CDD).deflection==3250" t="L2_CDD_==3250", ctx="{'L2_CDD_': 0.0}"
GetDeflection L2 (CDD) ===>> 0
testing L2_CDD_==3250
evaluate ot="L2(CDD).deflection==3250" t="L2_CDD_==3250", ctx="{'L2_CDD_': 0.0}"
Open N ===>> ERROR: Connection refused: TCP://129.138.12.153:1061, timeout=None
change switch state (None, False)
action=open, ok=None, locked=[False]
Failed to open valve Name="", Description="Bone to Getter GP-50"
Retry actuation. i=6 Action="open", Name="", Description="Bone to Getter GP-50"
checking ownership. requestor=129.138.12.137
check software interlocks N
interlocks []
actuate state mode=None-script, software_lock=False
doing actuation None-script open_channel False
16:56:58 -- collecting point 100
GetDeflection L2 (CDD) ===>> 0
testing L2_CDD_==3250
evaluate ot="L2(CDD).deflection==3250" t="L2_CDD_==3250", ctx="{'L2_CDD_': 0.0}"
invalid checksum "None". error=int() argument must be a string or a number, not 'NoneType'
State checksums do not match. Local:-1951220151 Remote:None
State checksum failed
Open N ===>> ERROR: Connection refused: TCP://129.138.12.153:1061, timeout=None
change switch state (None, False)
action=open, ok=None, locked=[False]
Failed to open valve Name="", Description="Bone to Getter GP-50"
Retry actuation. i=7 Action="open", Name="", Description="Bone to Getter GP-50"
checking ownership. requestor=129.138.12.137
check software interlocks N
interlocks []
actuate state mode=None-script, software_lock=False
doing actuation None-script open_channel False
GetDeflection L2 (CDD) ===>> 0
testing L2_CDD_==3250
evaluate ot="L2(CDD).deflection==3250" t="L2_CDD_==3250", ctx="{'L2_CDD_': 0.0}"
GetDeflection L2 (CDD) ===>> 0
testing L2_CDD_==3250
evaluate ot="L2(CDD).deflection==3250" t="L2_CDD_==3250", ctx="{'L2_CDD_': 0.0}"
16:57:25 -- collecting point 125
Open N ===>> ERROR: Connection refused: TCP://129.138.12.153:1061, timeout=None
change switch state (None, False)
action=open, ok=None, locked=[False]
Failed to open valve Name="", Description="Bone to Getter GP-50"
Retry actuation. i=8 Action="open", Name="", Description="Bone to Getter GP-50"
checking ownership. requestor=129.138.12.137
check software interlocks N
interlocks []
actuate state mode=None-script, software_lock=False
doing actuation None-script open_channel False
GetDeflection L2 (CDD) ===>> 0
testing L2_CDD_==3250
evaluate ot="L2(CDD).deflection==3250" t="L2_CDD_==3250", ctx="{'L2_CDD_': 0.0}"
GetDeflection L2 (CDD) ===>> 0
testing L2_CDD_==3250
evaluate ot="L2(CDD).deflection==3250" t="L2_CDD_==3250", ctx="{'L2_CDD_': 0.0}"
Open N ===>> ERROR: Connection refused: TCP://129.138.12.153:1061, timeout=None
change switch state (None, False)
action=open, ok=None, locked=[False]
Failed to open valve Name="", Description="Bone to Getter GP-50"
Retry actuation. i=9 Action="open", Name="", Description="Bone to Getter GP-50"
checking ownership. requestor=129.138.12.137
check software interlocks N
interlocks []
actuate state mode=None-script, software_lock=False
doing actuation None-script open_channel False
16:57:51 -- collecting point 150
GetDeflection L2 (CDD) ===>> 0
testing L2_CDD_==3250
evaluate ot="L2(CDD).deflection==3250" t="L2_CDD_==3250", ctx="{'L2_CDD_': 0.0}"
GetDeflection L2 (CDD) ===>> 0
testing L2_CDD_==3250
evaluate ot="L2(CDD).deflection==3250" t="L2_CDD_==3250", ctx="{'L2_CDD_': 0.0}"
Open N ===>> ERROR: Connection refused: TCP://129.138.12.153:1061, timeout=None
change switch state (None, False)
action=open, ok=None, locked=[False]
Failed to open valve Name="", Description="Bone to Getter GP-50"
Retry actuation. i=10 Action="open", Name="", Description="Bone to Getter GP-50"
checking ownership. requestor=129.138.12.137
check software interlocks N
interlocks []
actuate state mode=None-script, software_lock=False
doing actuation None-script open_channel False
GetDeflection L2 (CDD) ===>> 0
testing L2_CDD_==3250
evaluate ot="L2(CDD).deflection==3250" t="L2_CDD_==3250", ctx="{'L2_CDD_': 0.0}"
16:58:17 -- collecting point 175
Open N ===>> ERROR: Connection refused: TCP://129.138.12.153:1061, timeout=None
change switch state (None, False)
action=open, ok=None, locked=[False]
Failed to open valve Name="", Description="Bone to Getter GP-50"
Retry actuation. i=11 Action="open", Name="", Description="Bone to Getter GP-50"
checking ownership. requestor=129.138.12.137
check software interlocks N
interlocks []
actuate state mode=None-script, software_lock=False
doing actuation None-script open_channel False
GetDeflection L2 (CDD) ===>> 0
testing L2_CDD_==3250
evaluate ot="L2(CDD).deflection==3250" t="L2_CDD_==3250", ctx="{'L2_CDD_': 0.0}"
GetDeflection L2 (CDD) ===>> 0
testing L2_CDD_==3250
evaluate ot="L2(CDD).deflection==3250" t="L2_CDD_==3250", ctx="{'L2_CDD_': 0.0}"
16:58:44 -- collecting point 200
Open N ===>> ERROR: Connection refused: TCP://129.138.12.153:1061, timeout=None
change switch state (None, False)
action=open, ok=None, locked=[False]
Failed to open valve Name="", Description="Bone to Getter GP-50"
Retry actuation. i=12 Action="open", Name="", Description="Bone to Getter GP-50"
checking ownership. requestor=129.138.12.137
check software interlocks N
interlocks []
actuate state mode=None-script, software_lock=False
doing actuation None-script open_channel False
GetDeflection L2 (CDD) ===>> 0
testing L2_CDD_==3250
evaluate ot="L2(CDD).deflection==3250" t="L2_CDD_==3250", ctx="{'L2_CDD_': 0.0}"
invalid checksum "None". error=int() argument must be a string or a number, not 'NoneType'
State checksums do not match. Local:-1951220151 Remote:None
State checksum failed
Get Handler timed out. timeout=3. comms simulation=False
Get Handler timed out. timeout=0.25. comms simulation=False
Get Handler timed out. timeout=0.25. comms simulation=False
Open N ===>> ERROR: Connection refused: TCP://129.138.12.153:1061, timeout=None
change switch state (None, False)
action=open, ok=None, locked=[False]
Failed to open valve Name="", Description="Bone to Getter GP-50"
Retry actuation. i=13 Action="open", Name="", Description="Bone to Getter GP-50"
checking ownership. requestor=129.138.12.137
check software interlocks N
interlocks []
actuate state mode=None-script, software_lock=False
doing actuation None-script open_channel False
GetDeflection L2 (CDD) ===>> 0
testing L2_CDD_==3250
evaluate ot="L2(CDD).deflection==3250" t="L2_CDD_==3250", ctx="{'L2_CDD_': 0.0}"
Get Handler timed out. timeout=3. comms simulation=False
Get Handler timed out. timeout=0.25. comms simulation=False
Get Handler timed out. timeout=0.25. comms simulation=False
Get Handler timed out. timeout=3. comms simulation=False
Get Handler timed out. timeout=0.25. comms simulation=False
Get Handler timed out. timeout=0.25. comms simulation=False
Open N ===>> ERROR: Connection refused: TCP://129.138.12.153:1061, timeout=None
change switch state (None, False)
action=open, ok=None, locked=[False]
Failed to open valve Name="", Description="Bone to Getter GP-50"
Retry actuation. i=14 Action="open", Name="", Description="Bone to Getter GP-50"
checking ownership. requestor=129.138.12.137
check software interlocks N
interlocks []
actuate state mode=None-script, software_lock=False
doing actuation None-script open_channel False
Get Handler timed out. timeout=3. comms simulation=False
Get Handler timed out. timeout=0.25. comms simulation=False
Get Handler timed out. timeout=0.25. comms simulation=False
GetDeflection L2 (CDD) ===>> 0
testing L2_CDD_==3250
evaluate ot="L2(CDD).deflection==3250" t="L2_CDD_==3250", ctx="{'L2_CDD_': 0.0}"
16:59:10 -- collecting point 225
Get Handler timed out. timeout=3. comms simulation=False
Get Handler timed out. timeout=0.25. comms simulation=False
Get Handler timed out. timeout=0.25. comms simulation=False
Open N ===>> ERROR: Connection refused: TCP://129.138.12.153:1061, timeout=None
change switch state (None, False)
action=open, ok=None, locked=[False]
Failed to open valve Name="", Description="Bone to Getter GP-50"
Retry actuation. i=15 Action="open", Name="", Description="Bone to Getter GP-50"
checking ownership. requestor=129.138.12.137
check software interlocks N
interlocks []
actuate state mode=None-script, software_lock=False
doing actuation None-script open_channel False
Get Handler timed out. timeout=3. comms simulation=False
Get Handler timed out. timeout=0.25. comms simulation=False
Get Handler timed out. timeout=0.25. comms simulation=False
Get Handler timed out. timeout=3. comms simulation=False
Get Handler timed out. timeout=0.25. comms simulation=False
Get Handler timed out. timeout=0.25. comms simulation=False
Open N ===>> ERROR: Connection refused: TCP://129.138.12.153:1061, timeout=None
change switch state (None, False)
action=open, ok=None, locked=[False]
Failed to open valve Name="", Description="Bone to Getter GP-50"
Retry actuation. i=16 Action="open", Name="", Description="Bone to Getter GP-50"
checking ownership. requestor=129.138.12.137
check software interlocks N
interlocks []
actuate state mode=None-script, software_lock=False
doing actuation None-script open_channel False
GetDeflection L2 (CDD) ===>> 0
testing L2_CDD_==3250
evaluate ot="L2(CDD).deflection==3250" t="L2_CDD_==3250", ctx="{'L2_CDD_': 0.0}"
Get Handler timed out. timeout=3. comms simulation=False
Get Handler timed out. timeout=0.25. comms simulation=False
Get Handler timed out. timeout=0.25. comms simulation=False
invalid checksum "None". error=int() argument must be a string or a number, not 'NoneType'
State checksums do not match. Local:-1951220151 Remote:None
State checksum failed
Get Handler timed out. timeout=3. comms simulation=False
Get Handler timed out. timeout=0.25. comms simulation=False
Get Handler timed out. timeout=0.25. comms simulation=False
Open N ===>> ERROR: Connection refused: TCP://129.138.12.153:1061, timeout=None
change switch state (None, False)
action=open, ok=None, locked=[False]
Failed to open valve Name="", Description="Bone to Getter GP-50"
Retry actuation. i=17 Action="open", Name="", Description="Bone to Getter GP-50"
checking ownership. requestor=129.138.12.137
check software interlocks N
interlocks []
actuate state mode=None-script, software_lock=False
doing actuation None-script open_channel False
Get Handler timed out. timeout=3. comms simulation=False
Get Handler timed out. timeout=0.25. comms simulation=False
Get Handler timed out. timeout=0.25. comms simulation=False
GetDeflection L2 (CDD) ===>> 0
testing L2_CDD_==3250
evaluate ot="L2(CDD).deflection==3250" t="L2_CDD_==3250", ctx="{'L2_CDD_': 0.0}"
16:59:36 -- collecting point 250
Open N ===>> ERROR: Connection refused: TCP://129.138.12.153:1061, timeout=None
change switch state (None, False)
action=open, ok=None, locked=[False]
Failed to open valve Name="", Description="Bone to Getter GP-50"
Retry actuation. i=18 Action="open", Name="", Description="Bone to Getter GP-50"
checking ownership. requestor=129.138.12.137
check software interlocks N
interlocks []
actuate state mode=None-script, software_lock=False
doing actuation None-script open_channel False
GetDeflection L2 (CDD) ===>> 0
testing L2_CDD_==3250
evaluate ot="L2(CDD).deflection==3250" t="L2_CDD_==3250", ctx="{'L2_CDD_': 0.0}"
Open N ===>> OK
GetIndicatorState N ===>> OK
change switch state (True, True)
update switch state N True args=() kw={} ncanvase=2
16:59:46 -- OPEN   VALVE-N (Bone to Getter GP-50)
action=open, ok=True, locked=[False]
open () {'description': 'Bone to Diode Laser'}
open name=--- desc=Bone to Diode Laser
checking ownership. requestor=129.138.12.137
check software interlocks B
interlocks []
actuate state mode=None-script, software_lock=False
doing actuation None-script open_channel True
Open B ===>> OK
GetIndicatorState B ===>> OK
change switch state (True, True)
update switch state B True args=() kw={} ncanvase=2
16:59:46 -- OPEN   VALVE-B (Bone to Diode Laser)
-------------------------- open None (Bone to Diode Laser) result=[(True, True)]
action=open, ok=True, locked=[False]
open () {'description': 'Bone to CO2 Laser'}
open name=--- desc=Bone to CO2 Laser
checking ownership. requestor=129.138.12.137
check software interlocks D
interlocks []
actuate state mode=None-script, software_lock=False
doing actuation None-script open_channel True
Open D ===>> OK
GetIndicatorState D ===>> OK
change switch state (True, True)
update switch state D True args=() kw={} ncanvase=2
16:59:47 -- OPEN   VALVE-D (Bone to CO2 Laser)
-------------------------- open None (Bone to CO2 Laser) result=[(True, True)]
action=open, ok=True, locked=[False]
sleep (1,) {}
SLEEP 1.0
set_resource () {'name': 'CO2PumpTimeFlag', 'value': 30}
Set CO2PumpTimeFlag 30 ===>> OK
release ('FelixCO2Flag',) {}
release FelixCO2Flag
Set FelixCO2Flag 0 ===>> OK
executed snippet estimated_duration=6.0, duration=276.138488054
PumpBone.py completed successfully
gosub finished
get_resource_value () {'name': 'FelixMiniboneFlag'}
Read FelixMiniboneFlag ===>> 0
Get Resource Value FelixMiniboneFlag=0.0
executed snippet estimated_duration=4.0, duration=276.15584898
felix_pump_extraction_line.py completed successfully
Post Equilibration Finished
16:59:49 -- ******* Post Equilibration Finished *******
GetDeflection L2 (CDD) ===>> 0
testing L2_CDD_==3250
evaluate ot="L2(CDD).deflection==3250" t="L2_CDD_==3250", ctx="{'L2_CDD_': 0.0}"
GetDeflection L2 (CDD) ===>> 0
testing L2_CDD_==3250
evaluate ot="L2(CDD).deflection==3250" t="L2_CDD_==3250", ctx="{'L2_CDD_': 0.0}"
17:00:02 -- collecting point 275
set states for children of U. state=False
handle state [('U', False)]
update switch state U False args=() kw={'refresh': False} ncanvase=2
refresh_canvas_needed fired
GetDeflection L2 (CDD) ===>> 0
testing L2_CDD_==3250
evaluate ot="L2(CDD).deflection==3250" t="L2_CDD_==3250", ctx="{'L2_CDD_': 0.0}"
GetDeflection L2 (CDD) ===>> 0
testing L2_CDD_==3250
evaluate ot="L2(CDD).deflection==3250" t="L2_CDD_==3250", ctx="{'L2_CDD_': 0.0}"
17:00:29 -- collecting point 300
GetDeflection L2 (CDD) ===>> 0
testing L2_CDD_==3250
evaluate ot="L2(CDD).deflection==3250" t="L2_CDD_==3250", ctx="{'L2_CDD_': 0.0}"
GetDeflection L2 (CDD) ===>> 0
testing L2_CDD_==3250
evaluate ot="L2(CDD).deflection==3250" t="L2_CDD_==3250", ctx="{'L2_CDD_': 0.0}"
GetDeflection L2 (CDD) ===>> 0
testing L2_CDD_==3250
evaluate ot="L2(CDD).deflection==3250" t="L2_CDD_==3250", ctx="{'L2_CDD_': 0.0}"
17:00:55 -- collecting point 325
GetDeflection L2 (CDD) ===>> 0
testing L2_CDD_==3250
evaluate ot="L2(CDD).deflection==3250" t="L2_CDD_==3250", ctx="{'L2_CDD_': 0.0}"
set states for children of O. state=False
handle state [('O', False)]
update switch state O False args=() kw={'refresh': False} ncanvase=2
refresh_canvas_needed fired
set states for children of R. state=True
handle state [('R', True)]
update switch state R True args=() kw={'refresh': False} ncanvase=2
refresh_canvas_needed fired
GetDeflection L2 (CDD) ===>> 0
testing L2_CDD_==3250
evaluate ot="L2(CDD).deflection==3250" t="L2_CDD_==3250", ctx="{'L2_CDD_': 0.0}"
17:01:21 -- collecting point 350
GetDeflection L2 (CDD) ===>> 0
testing L2_CDD_==3250
evaluate ot="L2(CDD).deflection==3250" t="L2_CDD_==3250", ctx="{'L2_CDD_': 0.0}"
set states for children of R. state=False
set states for children of U. state=True
handle state [('R', False), ('U', True)]
update switch state R False args=() kw={'refresh': True} ncanvase=2
update switch state U True args=() kw={'refresh': False} ncanvase=2
refresh_canvas_needed fired
GetDeflection L2 (CDD) ===>> 0
testing L2_CDD_==3250
evaluate ot="L2(CDD).deflection==3250" t="L2_CDD_==3250", ctx="{'L2_CDD_': 0.0}"
GetDeflection L2 (CDD) ===>> 0
testing L2_CDD_==3250
evaluate ot="L2(CDD).deflection==3250" t="L2_CDD_==3250", ctx="{'L2_CDD_': 0.0}"
17:01:48 -- collecting point 375
GetDeflection L2 (CDD) ===>> 0
testing L2_CDD_==3250
evaluate ot="L2(CDD).deflection==3250" t="L2_CDD_==3250", ctx="{'L2_CDD_': 0.0}"
GetDeflection L2 (CDD) ===>> 0
testing L2_CDD_==3250
evaluate ot="L2(CDD).deflection==3250" t="L2_CDD_==3250", ctx="{'L2_CDD_': 0.0}"
17:02:14 -- collecting point 400
waiting for write to finish
measurement finished
estimated time: 419.430 actual time: :420.623
flush and close file /Users/obama/PychronDev/data/isotopes/2c/6a07cf-5f7e-471c-8af2-8cb6efa8dc3c.h5
baselines () {'settling_time': 15.0, 'detector': 'H2', 'mass': 39.862, 'ncounts': 120}
%%%%%%%%%%%%%%%%%%%%%%%%%%%%%%%% Baseline
build tables- baseline [Detector(H2), Detector(H1), Detector(AX), Detector(L1), Detector(L2(CDD))]
add group baseline table H2
add group baseline table H1
add group baseline table AX
add group baseline table L1
add group baseline table L2(CDD)
flush and close file /Users/obama/PychronDev/data/isotopes/2c/6a07cf-5f7e-471c-8af2-8cb6efa8dc3c.h5
detector Detector(H2)
POSITION 39.862 H2
Mapping mass to dac mass func: "parabolic"
H2 map mass coeffs = [ -2.56720193e-04   9.47812314e-02   3.89034975e-01]
H2 map mass to dac 39.862 >> 3.75928141492
GetHighVoltage ===>> 9900
positioning 39.862 (3.75928141492) on H2
setting magnet DAC
current  : 3.766740
requested: 3.759281
Delta Dac: 0.007459
Checking detector protection. dv=0.00746
SetMagnetDAC 3.75928141492 ===>> OK
Magnet settling time: 0.500 0.500
Magnet settling complete
set_dac. change=True
Delaying 15.0s for detectors to settle
Join finished
measuring baseline. ncounts=120
"baseline" increment series count="2" fit count="1" regressing="True"
starting measurement
GetDeflection L2 (CDD) ===>> 0
testing L2_CDD_==3250
evaluate ot="L2(CDD).deflection==3250" t="L2_CDD_==3250", ctx="{'L2_CDD_': 0.0}"
GetDeflection L2 (CDD) ===>> 0
testing L2_CDD_==3250
evaluate ot="L2(CDD).deflection==3250" t="L2_CDD_==3250", ctx="{'L2_CDD_': 0.0}"
17:02:56 -- collecting point 25
GetDeflection L2 (CDD) ===>> 0
testing L2_CDD_==3250
evaluate ot="L2(CDD).deflection==3250" t="L2_CDD_==3250", ctx="{'L2_CDD_': 0.0}"
GetDeflection L2 (CDD) ===>> 0
testing L2_CDD_==3250
evaluate ot="L2(CDD).deflection==3250" t="L2_CDD_==3250", ctx="{'L2_CDD_': 0.0}"
17:03:23 -- collecting point 50
GetDeflection L2 (CDD) ===>> 0
testing L2_CDD_==3250
evaluate ot="L2(CDD).deflection==3250" t="L2_CDD_==3250", ctx="{'L2_CDD_': 0.0}"
GetDeflection L2 (CDD) ===>> 0
testing L2_CDD_==3250
evaluate ot="L2(CDD).deflection==3250" t="L2_CDD_==3250", ctx="{'L2_CDD_': 0.0}"
GetDeflection L2 (CDD) ===>> 0
testing L2_CDD_==3250
evaluate ot="L2(CDD).deflection==3250" t="L2_CDD_==3250", ctx="{'L2_CDD_': 0.0}"
17:03:49 -- collecting point 75
GetDeflection L2 (CDD) ===>> 0
testing L2_CDD_==3250
evaluate ot="L2(CDD).deflection==3250" t="L2_CDD_==3250", ctx="{'L2_CDD_': 0.0}"
GetDeflection L2 (CDD) ===>> 0
testing L2_CDD_==3250
evaluate ot="L2(CDD).deflection==3250" t="L2_CDD_==3250", ctx="{'L2_CDD_': 0.0}"
17:04:15 -- collecting point 100
GetDeflection L2 (CDD) ===>> 0
testing L2_CDD_==3250
evaluate ot="L2(CDD).deflection==3250" t="L2_CDD_==3250", ctx="{'L2_CDD_': 0.0}"
GetDeflection L2 (CDD) ===>> 0
testing L2_CDD_==3250
evaluate ot="L2(CDD).deflection==3250" t="L2_CDD_==3250", ctx="{'L2_CDD_': 0.0}"
waiting for write to finish
measurement finished
estimated time: 125.829 actual time: :126.290
flush and close file /Users/obama/PychronDev/data/isotopes/2c/6a07cf-5f7e-471c-8af2-8cb6efa8dc3c.h5
activate_detectors ('H1', 'L2(CDD)') {'peak_center': True}
peak_center () {'detector': 'H2', 'save': False, 'integration_time': 1.048576, 'isotope': 'Ar40'}
peak center: mean=175.095325059 threshold=1.0
peak center started
setup peak center. detector=['H2', 'H1', 'L2(CDD)'], isotope=Ar40
VersionedUnpickler [<apptools.sweet_pickle.versioned_unpickler.VersionedUnpickler object at 0x1279efbf0>] using Updater [<apptools.sweet_pickle.updater.Updater object at 0x128c729b0>]
VersionedUnpickler [<apptools.sweet_pickle.versioned_unpickler.VersionedUnpickler object at 0x1279efbf0>] using Updater [<apptools.sweet_pickle.updater.Updater object at 0x128c729b0>]
VersionedUnpickler [<apptools.sweet_pickle.versioned_unpickler.VersionedUnpickler object at 0x1279efbf0>] using Updater [<apptools.sweet_pickle.updater.Updater object at 0x128c729b0>]
setting integration time = 0.524288
SetIntegrationTime 0.524288 ===>> OK
Mapping mass to dac mass func: "parabolic"
H2 map mass coeffs = [ -2.56720193e-04   9.47812314e-02   3.89034975e-01]
H2 map mass to dac 39.9624 >> 3.76674
GetHighVoltage ===>> 9900
do peak center. <pychron.spectrometer.jobs.peak_center.PeakCenter object at 0x1255e5c50>
doing pc
starting peak center. center dac= 3.76674 step_width=0.0001
width = 0.0001
get scan parameters. half-width=0.002,window=0.002, i=0, scalar=1
Scan parameters center=3.76674 width=0.00400 (3.76474 - 3.76874)
Moving to starting dac 3.76474
setting magnet DAC
current  : 3.759281
requested: 3.764740
Delta Dac: 0.005459
Checking detector protection. dv=0.00546
SetMagnetDAC 3.76474 ===>> OK
Magnet settling time: 0.500 0.500
Magnet settling complete
set_dac. change=True
Wait until signal near baseline. tol= -0.0659418237793. timeout= 10
Peak center failed to move to a baseline position
_do_sweep sm= 3.76474, em= 3.76874, stm= 0.0001
calculated step values: start=3.76474, end=3.76874, width=0.0001, nsteps=41.0
setting magnet DAC
current  : 3.764740
requested: 3.764740
Delta Dac: 0.000000
Checking detector protection. dv=0.00000
set_dac. change=False
setting magnet DAC
current  : 3.764740
requested: 3.764843
Delta Dac: 0.000103
Checking detector protection. dv=0.00010
Magnet settling time: 1.049 0.500
Magnet settling complete
set_dac. change=True
setting magnet DAC
current  : 3.764843
requested: 3.764945
Delta Dac: 0.000103
Checking detector protection. dv=0.00010
Magnet settling time: 1.049 0.500
Magnet settling complete
set_dac. change=True
setting magnet DAC
current  : 3.764945
requested: 3.765048
Delta Dac: 0.000103
Checking detector protection. dv=0.00010
Magnet settling time: 1.049 0.500
Magnet settling complete
set_dac. change=True
setting magnet DAC
current  : 3.765048
requested: 3.765150
Delta Dac: 0.000103
Checking detector protection. dv=0.00010
Magnet settling time: 1.049 0.500
Magnet settling complete
set_dac. change=True
setting magnet DAC
current  : 3.765150
requested: 3.765253
Delta Dac: 0.000103
Checking detector protection. dv=0.00010
Magnet settling time: 1.049 0.500
Magnet settling complete
set_dac. change=True
setting magnet DAC
current  : 3.765253
requested: 3.765355
Delta Dac: 0.000103
Checking detector protection. dv=0.00010
Magnet settling time: 1.049 0.500
Magnet settling complete
set_dac. change=True
setting magnet DAC
current  : 3.765355
requested: 3.765458
Delta Dac: 0.000103
Checking detector protection. dv=0.00010
Magnet settling time: 1.049 0.500
Magnet settling complete
set_dac. change=True
setting magnet DAC
current  : 3.765458
requested: 3.765561
Delta Dac: 0.000103
Checking detector protection. dv=0.00010
Magnet settling time: 1.049 0.500
Magnet settling complete
set_dac. change=True
setting magnet DAC
current  : 3.765561
requested: 3.765663
Delta Dac: 0.000103
Checking detector protection. dv=0.00010
Magnet settling time: 1.049 0.500
Magnet settling complete
set_dac. change=True
setting magnet DAC
current  : 3.765663
requested: 3.765766
Delta Dac: 0.000103
Checking detector protection. dv=0.00010
Magnet settling time: 1.049 0.500
Magnet settling complete
set_dac. change=True
setting magnet DAC
current  : 3.765766
requested: 3.765868
Delta Dac: 0.000103
Checking detector protection. dv=0.00010
Magnet settling time: 1.049 0.500
Magnet settling complete
set_dac. change=True
setting magnet DAC
current  : 3.765868
requested: 3.765971
Delta Dac: 0.000103
Checking detector protection. dv=0.00010
Magnet settling time: 1.049 0.500
Magnet settling complete
set_dac. change=True
setting magnet DAC
current  : 3.765971
requested: 3.766073
Delta Dac: 0.000103
Checking detector protection. dv=0.00010
Magnet settling time: 1.049 0.500
Magnet settling complete
set_dac. change=True
setting magnet DAC
current  : 3.766073
requested: 3.766176
Delta Dac: 0.000103
Checking detector protection. dv=0.00010
Magnet settling time: 1.049 0.500
Magnet settling complete
set_dac. change=True
setting magnet DAC
current  : 3.766176
requested: 3.766278
Delta Dac: 0.000103
Checking detector protection. dv=0.00010
Magnet settling time: 1.049 0.500
Magnet settling complete
set_dac. change=True
setting magnet DAC
current  : 3.766278
requested: 3.766381
Delta Dac: 0.000103
Checking detector protection. dv=0.00010
Magnet settling time: 1.049 0.500
Magnet settling complete
set_dac. change=True
setting magnet DAC
current  : 3.766381
requested: 3.766484
Delta Dac: 0.000103
Checking detector protection. dv=0.00010
Magnet settling time: 1.049 0.500
Magnet settling complete
set_dac. change=True
setting magnet DAC
current  : 3.766484
requested: 3.766586
Delta Dac: 0.000103
Checking detector protection. dv=0.00010
Magnet settling time: 1.049 0.500
Magnet settling complete
set_dac. change=True
setting magnet DAC
current  : 3.766586
requested: 3.766689
Delta Dac: 0.000103
Checking detector protection. dv=0.00010
Magnet settling time: 1.049 0.500
Magnet settling complete
set_dac. change=True
setting magnet DAC
current  : 3.766689
requested: 3.766791
Delta Dac: 0.000103
Checking detector protection. dv=0.00010
Magnet settling time: 1.049 0.500
Magnet settling complete
set_dac. change=True
setting magnet DAC
current  : 3.766791
requested: 3.766894
Delta Dac: 0.000103
Checking detector protection. dv=0.00010
Magnet settling time: 1.049 0.500
Magnet settling complete
set_dac. change=True
setting magnet DAC
current  : 3.766894
requested: 3.766996
Delta Dac: 0.000103
Checking detector protection. dv=0.00010
Magnet settling time: 1.049 0.500
Magnet settling complete
set_dac. change=True
setting magnet DAC
current  : 3.766996
requested: 3.767099
Delta Dac: 0.000103
Checking detector protection. dv=0.00010
Magnet settling time: 1.049 0.500
Magnet settling complete
set_dac. change=True
setting magnet DAC
current  : 3.767099
requested: 3.767202
Delta Dac: 0.000103
Checking detector protection. dv=0.00010
Magnet settling time: 1.049 0.500
Magnet settling complete
set_dac. change=True
setting magnet DAC
current  : 3.767202
requested: 3.767304
Delta Dac: 0.000103
Checking detector protection. dv=0.00010
Magnet settling time: 1.049 0.500
Magnet settling complete
set_dac. change=True
setting magnet DAC
current  : 3.767304
requested: 3.767407
Delta Dac: 0.000103
Checking detector protection. dv=0.00010
Magnet settling time: 1.049 0.500
Magnet settling complete
set_dac. change=True
setting magnet DAC
current  : 3.767407
requested: 3.767509
Delta Dac: 0.000103
Checking detector protection. dv=0.00010
Magnet settling time: 1.049 0.500
Magnet settling complete
set_dac. change=True
setting magnet DAC
current  : 3.767509
requested: 3.767612
Delta Dac: 0.000103
Checking detector protection. dv=0.00010
Magnet settling time: 1.049 0.500
Magnet settling complete
set_dac. change=True
setting magnet DAC
current  : 3.767612
requested: 3.767714
Delta Dac: 0.000103
Checking detector protection. dv=0.00010
Magnet settling time: 1.049 0.500
Magnet settling complete
set_dac. change=True
setting magnet DAC
current  : 3.767714
requested: 3.767817
Delta Dac: 0.000103
Checking detector protection. dv=0.00010
Magnet settling time: 1.049 0.500
Magnet settling complete
set_dac. change=True
setting magnet DAC
current  : 3.767817
requested: 3.767919
Delta Dac: 0.000103
Checking detector protection. dv=0.00010
Magnet settling time: 1.049 0.500
Magnet settling complete
set_dac. change=True
setting magnet DAC
current  : 3.767919
requested: 3.768022
Delta Dac: 0.000103
Checking detector protection. dv=0.00010
Magnet settling time: 1.049 0.500
Magnet settling complete
set_dac. change=True
setting magnet DAC
current  : 3.768022
requested: 3.768125
Delta Dac: 0.000103
Checking detector protection. dv=0.00010
Magnet settling time: 1.049 0.500
Magnet settling complete
set_dac. change=True
setting magnet DAC
current  : 3.768125
requested: 3.768227
Delta Dac: 0.000103
Checking detector protection. dv=0.00010
Magnet settling time: 1.049 0.500
Magnet settling complete
set_dac. change=True
setting magnet DAC
current  : 3.768227
requested: 3.768330
Delta Dac: 0.000103
Checking detector protection. dv=0.00010
Magnet settling time: 1.049 0.500
Magnet settling complete
set_dac. change=True
setting magnet DAC
current  : 3.768330
requested: 3.768432
Delta Dac: 0.000103
Checking detector protection. dv=0.00010
Magnet settling time: 1.049 0.500
Magnet settling complete
set_dac. change=True
setting magnet DAC
current  : 3.768432
requested: 3.768535
Delta Dac: 0.000103
Checking detector protection. dv=0.00010
Magnet settling time: 1.049 0.500
Magnet settling complete
set_dac. change=True
setting magnet DAC
current  : 3.768535
requested: 3.768637
Delta Dac: 0.000103
Checking detector protection. dv=0.00010
Magnet settling time: 1.049 0.500
Magnet settling complete
set_dac. change=True
setting magnet DAC
current  : 3.768637
requested: 3.768740
Delta Dac: 0.000103
Checking detector protection. dv=0.00010
Magnet settling time: 1.049 0.500
Magnet settling complete
set_dac. change=True
result of _do_sweep=True
result of _calculate_peak_center=([3.7654894989979955, 3.7666558316633258, 3.7678221643286562], [127.30622634745988, 171.80166926313154, 127.23199979578538], 3.7669764729458914, 171.80166926313154)
Failed to find a valid peak. No peak greater than 1.0. max = 0.125240950231
new center pos Detector(H2) (Ar40) @ 3.76665583166
GetHighVoltage ===>> 9900
dac uncorrected for HV and deflection 3.76665583166
setting integration time = 1.048576
SetIntegrationTime 1.048576 ===>> OK
sweep finished
Failed to find a valid peak. No peak greater than 1.0. max = 0.125240950231
flush and close file /Users/obama/PychronDev/data/isotopes/2c/6a07cf-5f7e-471c-8af2-8cb6efa8dc3c.h5
finished measure script
executed snippet estimated_duration=585.2304, duration=648.774353981
felix_analysis400_120_no_save_center.py completed successfully
Measurement Finished
17:05:31 -- ******* Measurement Finished *******
Post Measurement Started felix_pump_ms.py
17:05:31 -- ******* Post Measurement Started felix_pump_ms.py *******
testing...
no interpolation path defined
executed snippet estimated_duration=0, duration=4.19616699219e-05
Pumping spectrometer
open () {'name': 'V'}
open name=V desc=---
checking ownership. requestor=129.138.12.137
check software interlocks V
interlocks []
actuate state mode=None-script, software_lock=False
doing actuation None-script open_channel True
Open V ===>> OK
GetIndicatorState V ===>> OK
change switch state (True, True)
update switch state V True args=() kw={} ncanvase=2
17:05:32 -- OPEN   VALVE-V (Felix Ion Pump)
-------------------------- open V () result=[(True, True)]
action=open, ok=True, locked=[False]
executed snippet estimated_duration=0, duration=0.372634887695
felix_pump_ms.py completed successfully
setting _ms_pumptime
Post Measurement Finished
17:05:32 -- ******* Post Measurement Finished *******
$$$$$$$$$$$$$$$$$$$$ state at run end measurement
state changed from measurement to success
post measurement save measured=True aborted=False
Set filtering
setting fod for Ar40= {'filter_outliers': True, 'std_devs': 2, 'iterations': 2}
setting fod for H2= {'filter_outliers': True, 'std_devs': 2, 'iterations': 1}
setting fod for Ar36= {'filter_outliers': True, 'std_devs': 2, 'iterations': 2}
setting fod for L2(CDD)= {'filter_outliers': True, 'std_devs': 2, 'iterations': 1}
setting fod for Ar37= {'filter_outliers': True, 'std_devs': 2, 'iterations': 2}
setting fod for L1= {'filter_outliers': True, 'std_devs': 2, 'iterations': 1}
setting fod for Ar38= {'filter_outliers': True, 'std_devs': 2, 'iterations': 2}
setting fod for AX= {'filter_outliers': True, 'std_devs': 2, 'iterations': 1}
setting fod for Ar39= {'filter_outliers': True, 'std_devs': 2, 'iterations': 2}
setting fod for H1= {'filter_outliers': True, 'std_devs': 2, 'iterations': 1}
not connected to db mysql://felixexp@129.138.12.160/labspy
Enviromentals: {'lab_humiditys': [{'device': 'EnvironmentalMonitor',
                    'name': 'Lab Hum.',
                    'pub_date': '2017-09-04T17:03:46',
                    'title': 'iServer Hum.',
                    'value': 35.3}],
 'lab_pneumatics': [{'device': 'AirPressure',
                     'name': 'Pressure',
                     'pub_date': '2017-09-04T17:03:41',
                     'title': None,
                     'value': 113.25},
                    {'device': 'AirPressure2',
                     'name': 'Pressure2',
                     'pub_date': '2017-09-04T17:03:42',
                     'title': None,
                     'value': 115.73848}],
 'lab_temperatures': [{'device': 'Coldfinger',
                       'name': 'ColdFinger Temp.',
                       'pub_date': '2017-09-04T14:23:01',
                       'title': None,
                       'value': -194.0},
                      {'device': 'EnvironmentalMonitor',
                       'name': 'Lab Temp.',
                       'pub_date': '2017-09-04T14:59:38',
                       'title': 'iServer Temp.',
                       'value': 75.2},
                      {'device': 'Chiller',
                       'name': 'Coolant Temp.',
                       'pub_date': '2017-09-04T16:41:43',
                       'title': None,
                       'value': 18.0}]}
persistence save...
persistence save - db
post measurement save
4902284656 connecting to database sqlite://@/
connected to db sqlite://@/
create new session 4902284656
close session 4902284656
No database instance. Not saving post measurement to isotopedb database
$$$$$$$$$$$$$$$ auto_save_detector_ic=False
massspec enabled True
create new session 4779997424
MassSpec Database Version: 16.0
close session 4779997424
saving post measurement to secondary database
saving to massspec database 129.138.12.160/massspecdata
setting labnumber to 65773
setting aliquot to 1
setting step to M
setting uuid to 2c6a07cf-5f7e-471c-8af2-8cb6efa8dc3c
setting irradpos to 65773
setting extract_device to Fusions Diode
setting tray to 
setting position to 13
setting power_requested to 15.0
setting extract_value to 15.0
setting duration to 40.0
setting duration_at_request to 40.0
setting first_stage_delay to 40.0
setting cleanup to 60.0
setting comment to B:2 GMC, 10.36 mg
setting irradiation to NM-291
setting level to B
setting irradiation_level to B
setting sample to SI-16-67
setting material to Groundmass
setting project to IR998
setting mass_spectrometer to Felix
no attribute chron_dosages
no attribute production_ratios
no attribute interference_corrections
no attribute production_name
no attribute j
Reference Isotope=Ar40
Reference Detector=H2
%%%%%%%%%%%%%%%%%%%% Comment: B:2 GMC, 10.36 mg %%%%%%%%%%%%%%%%%%%
adding isotope Ar40 H2
add baseline dbdet= Ar40. original det= H2
get baseline data Ar40 H2
Get data baseline <pychron.processing.isotope.Baseline object at 0x131313c10> len t=120
baseline Ar40. v=-0.0223765894349, e=0.00849423792651
get signal data Ar40 H2
Get data signal Ar40 182.531+/-0.034 len t=400
adding isotope Ar39 H1
add baseline dbdet= Ar39. original det= H1
get baseline data Ar39 H1
Get data baseline <pychron.processing.isotope.Baseline object at 0x131313dd0> len t=120
baseline Ar39. v=-0.0278263923676, e=0.0100423174467
get signal data Ar39 H1
Get data signal Ar39 21.030+/-0.022 len t=400
adding isotope Ar38 AX
add baseline dbdet= Ar38. original det= AX
get baseline data Ar38 AX
Get data baseline <pychron.processing.isotope.Baseline object at 0x131313f90> len t=120
baseline Ar38. v=-0.113459202456, e=0.0116513591232
get signal data Ar38 AX
Get data signal Ar38 0.335+/-0.011 len t=400
adding isotope Ar37 L1
add baseline dbdet= Ar37. original det= L1
get baseline data Ar37 L1
Get data baseline <pychron.processing.isotope.Baseline object at 0x131318190> len t=120
baseline Ar37. v=-0.702541650938, e=0.010569916551
get signal data Ar37 L1
Get data signal Ar37 9.035+/-0.012 len t=400
adding isotope Ar36 L2(CDD)
add baseline dbdet= Ar36. original det= L2(CDD)
get baseline data Ar36 L2(CDD)
Get data baseline <pychron.processing.isotope.Baseline object at 0x131318350> len t=120
baseline Ar36. v=0.0, e=0.0
get signal data Ar36 L2(CDD)
Get data signal Ar36 0.1125+/-0.0007 len t=400
65773-01M added analysis time 0.520121097565s
analysis added to mass spec database
mass spec save time= 0.531
persistence save - dvc
================= post measurement started
create new session 4710662224
close session 4710662224
---------------- Experiment Queue saving disabled
DVC saving peakcenter
Failed to find a valid peak. No peak greater than 1.0. max = 0.125240950231
Smart pull ahead: 0 behind: 0
Up-to-date with origin
add to repo msg=modified - 44c6f8761147de90179e8a3952e48831c78a9a46.json
add to repo msg=modified - 73-01M.json
add to repo msg=modified - 73-01M.dat.json
add to repo msg=modified - 73-01M.blan.json
add to repo msg=modified - 73-01M.inte.json
add to repo msg=modified - 73-01M.icfa.json
add to repo msg=modified - 73-01M.base.json
not at valid file /Users/obama/PychronDev/data/.dvc/repositories/IR998/657/tags/73-01M.tags.json
add to repo msg=modified - 73-01M.peak.json
add to repo msg=modified - 73-01M.extr.json
not at valid file /Users/obama/PychronDev/data/.dvc/repositories/IR998/657/monitor/73-01M.moni.json
commit message=<COLLECTION>
add to repo msg=modified - 73-01M.inte.json
add to repo msg=modified - 73-01M.base.json
commit message=<ISOEVO> default collection fits
add to repo msg=modified - 73-01M.blan.json
commit message=<BLANKS> preceding bu-FD-F-687
add to repo msg=modified - 73-01M.icfa.json
commit message=<ICFactor> default
push repository <pychron.git_archive.repo_manager.GitRepoManager object at 0x12bf8e290>
pushing to remote=origin, url=https://github.com
no changes to meta repo
create new session 4710662224
add association IR998
get identifier "65773"
setting analysis irradiation position=<pychron.dvc.dvc_orm.IrradiationPositionTbl object at 0x123166ed0>
close session 4710662224
================= post measurement finished
17:05:48 -- ******* Post Run Check *******
loading queue conditionals post_run_actions
loading system conditionals post_run_actions
loading conditionals from /Users/obama/PychronDev/setupfiles/spectrometer/default_conditionals.yaml
loading queue conditionals post_run_terminations
loading system conditionals post_run_terminations
loading conditionals from /Users/obama/PychronDev/setupfiles/spectrometer/default_conditionals.yaml
Checking default post run terminations n=1
GetDeflection L2 (CDD) ===>> 0
testing L2_CDD_==3250
evaluate ot="L2(CDD).deflection==3250" t="L2_CDD_==3250", ctx="{'L2_CDD_': 0.0}"
17:05:48 -- ******* Post Run Check Passed *******
17:05:48 -- Automated run 65773-01M success duration: 808.571 s
----------------- finish -----------------
----------------- stop -----------------
retroactive repository identifiers disabled
finish run. runs completed=17
update duration runid=65773-01M, duration=808.571264982, md5=0c5e5cd9
loading script "felix_analysis400_120 no center.py"
loading script "felix_pump_ms.py"
loading script "felix_air_x2.py"
loading script "felix_pump_extraction_line.py"
testing...
no interpolation path defined
executed snippet estimated_duration=559.2304, duration=0.000319004058838
script duration name:analysis400_120 no center seconds:559.0
loading script "felix_analysis400_120 no center.py"
loading script "felix_pump_ms.py"
loading script "felix_air_x2.py"
loading script "felix_pump_extraction_line.py"
testing...
no interpolation path defined
executed snippet estimated_duration=0, duration=4.19616699219e-05
loading script "felix_analysis400_120 no center.py"
loading script "felix_pump_ms.py"
loading script "felix_air_x2.py"
loading script "felix_pump_extraction_line.py"
testing...
no interpolation path defined
calculate duration
testing...
no interpolation path defined
executed snippet estimated_duration=0, duration=7.5101852417e-05
calculate duration
testing...
no interpolation path defined
executed snippet estimated_duration=0, duration=0.000169038772583
calculate duration
testing...
no interpolation path defined
executed snippet estimated_duration=32.0, duration=0.000165939331055
calculate duration
testing...
no interpolation path defined
executed snippet estimated_duration=34.0, duration=0.000165939331055
calculate duration
testing...
no interpolation path defined
executed snippet estimated_duration=2.0, duration=0.000102996826172
calculate duration
testing...
no interpolation path defined
executed snippet estimated_duration=34.0, duration=0.000117063522339
calculate duration
testing...
no interpolation path defined
executed snippet estimated_duration=34.0, duration=0.000190019607544
calculate duration
testing...
no interpolation path defined
executed snippet estimated_duration=34.0, duration=0.000133037567139
executed snippet estimated_duration=174.0, duration=0.0372440814972
script duration name:air_x2 seconds:174.0
loading script "felix_analysis400_120 no center.py"
loading script "felix_pump_ms.py"
loading script "felix_air_x2.py"
loading script "felix_pump_extraction_line.py"
testing...
no interpolation path defined
calculate duration
testing...
no interpolation path defined
executed snippet estimated_duration=4.0, duration=0.000294923782349
executed snippet estimated_duration=4.0, duration=0.00258302688599
Script duration 733.0
Run total estimated duration= 734.000
loading script "felix_analysis400_120_CDD_center.py"
loading script "felix_pump_ms.py"
loading script "felix_air_x2.py"
loading script "felix_pump_extraction_line.py"
testing...
no interpolation path defined
executed snippet estimated_duration=559.2304, duration=0.000263929367065
script duration name:analysis400_120_CDD_center seconds:559.0
pump_ms in script context. using previous estimated duration
air_x2 in script context. using previous estimated duration
script duration name:air_x2 seconds:174.0
pump_extraction_line in script context. using previous estimated duration
Script duration 733.0
Run total estimated duration= 734.000
analysis400_120 no center in script context. using previous estimated duration
script duration name:analysis400_120 no center seconds:559.0
loading script "felix_analysis400_120 no center.py"
loading script "felix_pump_ms.py"
loading script "felix_cocktail_x3.py"
loading script "felix_pump_extraction_line.py"
testing...
no interpolation path defined
calculate duration
testing...
no interpolation path defined
executed snippet estimated_duration=0, duration=8.29696655273e-05
calculate duration
testing...
no interpolation path defined
executed snippet estimated_duration=0, duration=0.000197887420654
calculate duration
testing...
no interpolation path defined
executed snippet estimated_duration=32.0, duration=0.000140905380249
calculate duration
testing...
no interpolation path defined
executed snippet estimated_duration=34.0, duration=0.000163078308105
calculate duration
testing...
no interpolation path defined
executed snippet estimated_duration=2.0, duration=9.98973846436e-05
calculate duration
testing...
no interpolation path defined
executed snippet estimated_duration=34.0, duration=0.000133991241455
calculate duration
testing...
no interpolation path defined
executed snippet estimated_duration=34.0, duration=0.00016188621521
calculate duration
testing...
no interpolation path defined
executed snippet estimated_duration=34.0, duration=0.000118970870972
calculate duration
testing...
no interpolation path defined
executed snippet estimated_duration=34.0, duration=0.000205039978027
calculate duration
testing...
no interpolation path defined
executed snippet estimated_duration=34.0, duration=0.000118017196655
executed snippet estimated_duration=244.0, duration=0.0483839511871
script duration name:cocktail_x3 seconds:244.0
Script duration 803.0
Run total estimated duration= 804.000
loading script "felix_analysis400_120_no_save_center.py"
loading script "felix_pump_ms.py"
loading script "felix_cocktail_x3.py"
loading script "felix_pump_extraction_line.py"
testing...
no interpolation path defined
executed snippet estimated_duration=559.2304, duration=0.000245094299316
script duration name:analysis400_120_no_save_center seconds:559.0
cocktail_x3 in script context. using previous estimated duration
script duration name:cocktail_x3 seconds:244.0
Script duration 803.0
Run total estimated duration= 804.000
script duration name:analysis400_120 no center seconds:559.0
loading script "felix_analysis400_120 no center.py"
loading script "felix_pump_ms.py"
loading script "felix_diode.py"
loading script "felix_pump_extraction_line.py"
testing...
no interpolation path defined
calculate duration
testing...
no interpolation path defined
executed snippet estimated_duration=0, duration=0.000125169754028
calculate duration
testing...
no interpolation path defined
executed snippet estimated_duration=0, duration=3.00407409668e-05
calculate duration
testing...
no interpolation path defined
executed snippet estimated_duration=42.0, duration=0.000134944915771
executed snippet estimated_duration=42.0, duration=0.0142469406128
script duration name:diode seconds:42.0
Script duration 601.0
Run total estimated duration= 602.000
analysis400_120_no_save_center in script context. using previous estimated duration
script duration name:analysis400_120_no_save_center seconds:559.0
diode in script context. using previous estimated duration
script duration name:diode seconds:42.0
Script duration 601.0
Run total estimated duration= 602.000
script duration name:analysis400_120_no_save_center seconds:559.0
script duration name:diode seconds:42.0
Script duration 601.0
Run total estimated duration= 602.000
script duration name:analysis400_120_no_save_center seconds:559.0
script duration name:diode seconds:42.0
Script duration 601.0
Run total estimated duration= 602.000
script duration name:analysis400_120_no_save_center seconds:559.0
script duration name:diode seconds:42.0
Script duration 601.0
Run total estimated duration= 602.000
script duration name:analysis400_120_no_save_center seconds:559.0
script duration name:diode seconds:42.0
Script duration 601.0
Run total estimated duration= 602.000
script duration name:analysis400_120_no_save_center seconds:559.0
script duration name:diode seconds:42.0
Script duration 601.0
Run total estimated duration= 602.000
analysis400_120_CDD_center in script context. using previous estimated duration
script duration name:analysis400_120_CDD_center seconds:559.0
script duration name:air_x2 seconds:174.0
Script duration 733.0
Run total estimated duration= 734.000
script duration name:analysis400_120_no_save_center seconds:559.0
script duration name:diode seconds:42.0
Script duration 601.0
Run total estimated duration= 602.000
script duration name:analysis400_120_no_save_center seconds:559.0
script duration name:diode seconds:42.0
Script duration 601.0
Run total estimated duration= 602.000
script duration name:analysis400_120_no_save_center seconds:559.0
script duration name:diode seconds:42.0
Script duration 601.0
Run total estimated duration= 602.000
script duration name:analysis400_120_no_save_center seconds:559.0
script duration name:diode seconds:42.0
Script duration 601.0
Run total estimated duration= 602.000
script duration name:analysis400_120_no_save_center seconds:559.0
script duration name:diode seconds:42.0
Script duration 601.0
Run total estimated duration= 602.000
script duration name:analysis400_120_no_save_center seconds:559.0
script duration name:diode seconds:42.0
Script duration 601.0
Run total estimated duration= 602.000
script duration name:analysis400_120_no_save_center seconds:559.0
script duration name:diode seconds:42.0
Script duration 601.0
Run total estimated duration= 602.000
script duration name:analysis400_120 no center seconds:559.0
script duration name:air_x2 seconds:174.0
Script duration 733.0
Run total estimated duration= 734.000
script duration name:analysis400_120_CDD_center seconds:559.0
script duration name:air_x2 seconds:174.0
Script duration 733.0
Run total estimated duration= 734.000
script duration name:analysis400_120 no center seconds:559.0
script duration name:cocktail_x3 seconds:244.0
Script duration 803.0
Run total estimated duration= 804.000
script duration name:analysis400_120_no_save_center seconds:559.0
script duration name:cocktail_x3 seconds:244.0
Script duration 803.0
Run total estimated duration= 804.000
script duration name:analysis400_120 no center seconds:559.0
script duration name:diode seconds:42.0
Script duration 601.0
Run total estimated duration= 602.000
script duration name:analysis400_120_no_save_center seconds:559.0
script duration name:diode seconds:42.0
Script duration 601.0
Run total estimated duration= 602.000
script duration name:analysis400_120_no_save_center seconds:559.0
script duration name:diode seconds:42.0
Script duration 601.0
Run total estimated duration= 602.000
script duration name:analysis400_120_no_save_center seconds:559.0
script duration name:diode seconds:42.0
Script duration 601.0
Run total estimated duration= 602.000
script duration name:analysis400_120_no_save_center seconds:559.0
script duration name:diode seconds:42.0
Script duration 601.0
Run total estimated duration= 602.000
script duration name:analysis400_120_no_save_center seconds:559.0
script duration name:diode seconds:42.0
Script duration 601.0
Run total estimated duration= 602.000
script duration name:analysis400_120_no_save_center seconds:559.0
script duration name:diode seconds:42.0
Script duration 601.0
Run total estimated duration= 602.000
script duration name:analysis400_120_no_save_center seconds:559.0
script duration name:diode seconds:42.0
Script duration 601.0
Run total estimated duration= 602.000
script duration name:analysis400_120_CDD_center seconds:559.0
script duration name:air_x2 seconds:174.0
Script duration 733.0
Run total estimated duration= 734.000
script duration name:analysis400_120_no_save_center seconds:559.0
script duration name:diode seconds:42.0
Script duration 601.0
Run total estimated duration= 602.000
script duration name:analysis400_120_no_save_center seconds:559.0
script duration name:diode seconds:42.0
Script duration 601.0
Run total estimated duration= 602.000
script duration name:analysis400_120_no_save_center seconds:559.0
script duration name:diode seconds:42.0
Script duration 601.0
Run total estimated duration= 602.000
script duration name:analysis400_120_no_save_center seconds:559.0
script duration name:diode seconds:42.0
Script duration 601.0
Run total estimated duration= 602.000
script duration name:analysis400_120_no_save_center seconds:559.0
script duration name:diode seconds:42.0
Script duration 601.0
Run total estimated duration= 602.000
script duration name:analysis400_120_no_save_center seconds:559.0
script duration name:diode seconds:42.0
Script duration 601.0
Run total estimated duration= 602.000
script duration name:analysis400_120 no center seconds:559.0
script duration name:air_x2 seconds:174.0
Script duration 733.0
Run total estimated duration= 734.000
script duration name:analysis400_120_CDD_center seconds:559.0
script duration name:air_x2 seconds:174.0
Script duration 733.0
Run total estimated duration= 734.000
script duration name:analysis400_120 no center seconds:559.0
script duration name:cocktail_x3 seconds:244.0
Script duration 803.0
Run total estimated duration= 804.000
script duration name:analysis400_120_no_save_center seconds:559.0
script duration name:cocktail_x3 seconds:244.0
Script duration 803.0
Run total estimated duration= 804.000
script duration name:analysis400_120 no center seconds:559.0
script duration name:diode seconds:42.0
Script duration 601.0
Run total estimated duration= 602.000
loading script "felix_analysis400_120.py"
loading script "felix_pump_ms.py"
loading script "felix_diode.py"
loading script "felix_pump_extraction_line.py"
testing...
no interpolation path defined
executed snippet estimated_duration=559.2304, duration=0.000255107879639
script duration name:analysis400_120 seconds:559.0
script duration name:diode seconds:42.0
Script duration 601.0
Run total estimated duration= 602.000
analysis400_120 in script context. using previous estimated duration
script duration name:analysis400_120 seconds:559.0
script duration name:diode seconds:42.0
Script duration 601.0
Run total estimated duration= 602.000
script duration name:analysis400_120 seconds:559.0
script duration name:diode seconds:42.0
Script duration 601.0
Run total estimated duration= 602.000
script duration name:analysis400_120 seconds:559.0
script duration name:diode seconds:42.0
Script duration 601.0
Run total estimated duration= 602.000
script duration name:analysis400_120 seconds:559.0
script duration name:diode seconds:42.0
Script duration 601.0
Run total estimated duration= 602.000
script duration name:analysis400_120 seconds:559.0
script duration name:diode seconds:42.0
Script duration 601.0
Run total estimated duration= 602.000
script duration name:analysis400_120 seconds:559.0
script duration name:diode seconds:42.0
Script duration 601.0
Run total estimated duration= 602.000
script duration name:analysis400_120 seconds:559.0
script duration name:diode seconds:42.0
Script duration 601.0
Run total estimated duration= 602.000
script duration name:analysis400_120_CDD_center seconds:559.0
script duration name:air_x2 seconds:174.0
Script duration 733.0
Run total estimated duration= 734.000
script duration name:analysis400_120 seconds:559.0
script duration name:diode seconds:42.0
Script duration 601.0
Run total estimated duration= 602.000
script duration name:analysis400_120 seconds:559.0
script duration name:diode seconds:42.0
Script duration 601.0
Run total estimated duration= 602.000
script duration name:analysis400_120 seconds:559.0
script duration name:diode seconds:42.0
Script duration 601.0
Run total estimated duration= 602.000
script duration name:analysis400_120 seconds:559.0
script duration name:diode seconds:42.0
Script duration 601.0
Run total estimated duration= 602.000
script duration name:analysis400_120 seconds:559.0
script duration name:diode seconds:42.0
Script duration 601.0
Run total estimated duration= 602.000
script duration name:analysis400_120 no center seconds:559.0
script duration name:air_x2 seconds:174.0
Script duration 733.0
Run total estimated duration= 734.000
script duration name:analysis400_120_CDD_center seconds:559.0
script duration name:air_x2 seconds:174.0
Script duration 733.0
Run total estimated duration= 734.000
script duration name:analysis400_120 no center seconds:559.0
script duration name:cocktail_x3 seconds:244.0
Script duration 803.0
Run total estimated duration= 804.000
script duration name:analysis400_120_no_save_center seconds:559.0
script duration name:cocktail_x3 seconds:244.0
Script duration 803.0
Run total estimated duration= 804.000
script duration name:analysis400_120 no center seconds:559.0
script duration name:diode seconds:42.0
Script duration 601.0
Run total estimated duration= 602.000
script duration name:analysis400_120_no_save_center seconds:559.0
script duration name:diode seconds:42.0
Script duration 601.0
Run total estimated duration= 602.000
script duration name:analysis400_120_no_save_center seconds:559.0
script duration name:diode seconds:42.0
Script duration 601.0
Run total estimated duration= 602.000
script duration name:analysis400_120_no_save_center seconds:559.0
script duration name:diode seconds:42.0
Script duration 601.0
Run total estimated duration= 602.000
script duration name:analysis400_120_no_save_center seconds:559.0
script duration name:diode seconds:42.0
Script duration 601.0
Run total estimated duration= 602.000
script duration name:analysis400_120_no_save_center seconds:559.0
script duration name:diode seconds:42.0
Script duration 601.0
Run total estimated duration= 602.000
script duration name:analysis400_120_no_save_center seconds:559.0
script duration name:diode seconds:42.0
Script duration 601.0
Run total estimated duration= 602.000
script duration name:analysis400_120_no_save_center seconds:559.0
script duration name:diode seconds:42.0
Script duration 601.0
Run total estimated duration= 602.000
script duration name:analysis400_120_CDD_center seconds:559.0
script duration name:air_x2 seconds:174.0
Script duration 733.0
Run total estimated duration= 734.000
script duration name:analysis400_120_no_save_center seconds:559.0
script duration name:diode seconds:42.0
Script duration 601.0
Run total estimated duration= 602.000
script duration name:analysis400_120_no_save_center seconds:559.0
script duration name:diode seconds:42.0
Script duration 601.0
Run total estimated duration= 602.000
script duration name:analysis400_120_no_save_center seconds:559.0
script duration name:diode seconds:42.0
Script duration 601.0
Run total estimated duration= 602.000
script duration name:analysis400_120_no_save_center seconds:559.0
script duration name:diode seconds:42.0
Script duration 601.0
Run total estimated duration= 602.000
script duration name:analysis400_120_no_save_center seconds:559.0
script duration name:diode seconds:42.0
Script duration 601.0
Run total estimated duration= 602.000
script duration name:analysis400_120_no_save_center seconds:559.0
script duration name:diode seconds:42.0
Script duration 601.0
Run total estimated duration= 602.000
script duration name:analysis400_120 no center seconds:559.0
script duration name:air_x2 seconds:174.0
Script duration 733.0
Run total estimated duration= 734.000
script duration name:analysis400_120_CDD_center seconds:559.0
script duration name:air_x2 seconds:174.0
Script duration 733.0
Run total estimated duration= 734.000
script duration name:analysis400_120 no center seconds:559.0
script duration name:cocktail_x3 seconds:244.0
Script duration 803.0
Run total estimated duration= 804.000
script duration name:analysis400_120_no_save_center seconds:559.0
script duration name:cocktail_x3 seconds:244.0
Script duration 803.0
Run total estimated duration= 804.000
script duration name:analysis400_120 no center seconds:559.0
script duration name:diode seconds:42.0
Script duration 601.0
Run total estimated duration= 602.000
nruns=81 before=5.0, run_dur=52630.0, btw=4170.0
write rem/ex queues
/Users/obama/PychronDev/experiments/rem/Load1823.rem.txt
/Users/obama/PychronDev/experiments/rem/Load1823.ex.txt
doing event level: 3
add run
